<?xml version="1.0" encoding="UTF-8"?>
<testng-results ignored="0" total="1" passed="1" failed="0" skipped="0">
  <reporter-output>
  </reporter-output>
  <suite started-at="2022-07-03T17:56:32 IST" name="Default suite" finished-at="2022-07-03T17:56:50 IST" duration-ms="17452">
    <groups>
    </groups>
    <test started-at="2022-07-03T17:56:32 IST" name="Default test" finished-at="2022-07-03T17:56:50 IST" duration-ms="17452">
      <class name="CodeTest.HoverTest">
        <test-method signature="hoverTest()[pri:0, instance:CodeTest.HoverTest@3b46dd8]" started-at="2022-07-03T17:56:32 IST" name="hoverTest" finished-at="2022-07-03T17:56:49 IST" duration-ms="17271" status="PASS">
          <reporter-output>
          </reporter-output>
        </test-method> <!-- hoverTest -->
      </class> <!-- CodeTest.HoverTest -->
    </test> <!-- Default test -->
  </suite> <!-- Default suite -->
</testng-results>
